make all --print-data-base --no-builtin-variables --no-builtin-rules --question
# GNU Make 4.3
# Built for x86_64-pc-linux-gnu
# Copyright (C) 1988-2020 Free Software Foundation, Inc.
# License GPLv3+: GNU GPL version 3 or later <http://gnu.org/licenses/gpl.html>
# This is free software: you are free to change and redistribute it.
# There is NO WARRANTY, to the extent permitted by law.

# Make data base, printed on Sun May 29 16:10:54 2022

# Variables

# environment
GDK_BACKEND = x11
# environment
LC_ALL = C
# environment
GNOME_SHELL_SESSION_MODE = ubuntu
# environment
SSH_AGENT_LAUNCHER = gnome-keyring
# environment
SNAP_INSTANCE_KEY = 
# environment
GJS_DEBUG_OUTPUT = stderr
# environment
VSCODE_IPC_HOOK_EXTHOST = /run/user/1000/vscode-ipc-07546786-1d20-4077-a68d-740f3a8b047b.sock
# environment
VSCODE_CWD = /home/samson
# environment
WINDOWPATH = 2
# environment
NVM_DIR = /home/samson/.nvm
# default
MAKE_COMMAND := make
# environment
QT_ACCESSIBILITY = 1
# environment
GOPATH = /home/samson/go
# environment
rvm_bin_path = /usr/share/rvm/bin
# automatic
@D = $(patsubst %/,%,$(dir $@))
# environment
SNAP_INSTANCE_NAME = code
# environment
GDK_PIXBUF_MODULEDIR = /snap/code/97/usr/lib/x86_64-linux-gnu/gdk-pixbuf-2.0/2.10.0/loaders
# environment
VSCODE_HANDLES_UNCAUGHT_ERRORS = true
# default
.VARIABLES := 
# environment
PWD = /home/samson/Documents/go-code/Projects/simplebank
# automatic
%D = $(patsubst %/,%,$(dir $%))
# environment
LSCOLORS = Gxfxcxdxbxegedabagacad
# environment
XDG_DATA_DIRS = /usr/share/ubuntu-xorg:/usr/share/gnome:/usr/local/share/:/usr/share/:/var/lib/snapd/desktop
# environment
OLDPWD = /home/samson
# automatic
^D = $(patsubst %/,%,$(dir $^))
# environment
VSCODE_LOG_STACK = false
# automatic
%F = $(notdir $%)
# environment
NVM_INC = /home/samson/.nvm/versions/node/v16.15.0/include/node
# environment
VSCODE_CODE_CACHE_PATH = /home/samson/.config/Code/CachedData/c3511e6c69bb39013c4a4b7b9566ec1ca73fc4d5
# environment
LANG = C
# environment
XAUTHORITY = /run/user/1000/gdm/Xauthority
# default
.LOADED := 
# default
.INCLUDE_DIRS = /usr/local/include /usr/include /usr/include
# makefile
MAKEFLAGS = pqrR
# makefile
CURDIR := /home/samson/Documents/go-code/Projects/simplebank
# environment
VSCODE_PIPE_LOGGING = true
# environment
APPLICATION_INSIGHTS_NO_DIAGNOSTIC_CHANNEL = 1
# automatic
*D = $(patsubst %/,%,$(dir $*))
# environment
MFLAGS = -pqrR
# environment
SSH_AUTH_SOCK = /run/user/1000/keyring/ssh
# default
.SHELLFLAGS := -c
# environment
NVM_BIN = /home/samson/.nvm/versions/node/v16.15.0/bin
# environment
XDG_CONFIG_DIRS = /etc/xdg/xdg-ubuntu-xorg:/etc/xdg
# automatic
+D = $(patsubst %/,%,$(dir $+))
# environment
XDG_SESSION_DESKTOP = ubuntu-xorg
# makefile (from 'Makefile', line 1)
MAKEFILE_LIST := Makefile
# environment
SNAP_REEXEC = 
# automatic
@F = $(notdir $@)
# environment
ZSH = /home/samson/.oh-my-zsh
# environment
VSCODE_VERBOSE_LOGGING = true
# environment
VSCODE_PID = 4298
# environment
XDG_SESSION_TYPE = x11
# automatic
?D = $(patsubst %/,%,$(dir $?))
# environment
BAMF_DESKTOP_FILE_HINT = /var/lib/snapd/desktop/applications/code_code.desktop
# environment
SESSION_MANAGER = local/samson-HP-Pavilion-Laptop-15-cc0xx:@/tmp/.ICE-unix/2470,unix/samson-HP-Pavilion-Laptop-15-cc0xx:/tmp/.ICE-unix/2470
# automatic
*F = $(notdir $*)
# environment
CHROME_DESKTOP = code-url-handler.desktop
# environment
DBUS_SESSION_BUS_ADDRESS = unix:path=/run/user/1000/bus
# automatic
<D = $(patsubst %/,%,$(dir $<))
# environment
VSCODE_NLS_CONFIG = {"locale":"en-gb","availableLanguages":{},"_languagePackSupport":true}
# default
MAKE_HOST := x86_64-pc-linux-gnu
# environment
GNOME_DESKTOP_SESSION_ID = this-is-deprecated
# makefile
SHELL = /bin/sh
# default
MAKECMDGOALS := all
# environment
XMODIFIERS = @im=ibus
# environment
GJS_DEBUG_TOPICS = JS ERROR;JS LOG
# environment
SHLVL = 0
# environment
rvm_path = /usr/share/rvm
# environment
MAKELEVEL := 0
# default
MAKE = $(MAKE_COMMAND)
# environment
SNAP_COOKIE = 5Mdm_0i1PgJpl4Yjz7rjPXyAzIcFo9mhvUK8gtdGl3BqPw4xbCGI
# environment
PATH = /home/samson/.rbenv/shims:/home/samson/.rbenv/bin:/home/samson/.rbenv/shims:/home/samson/.rbenv/bin:/home/samson/.nvm/versions/node/v16.15.0/bin:/home/samson/.rbenv/bin:/home/samson/.rbenv/bin:/usr/local/sbin:/usr/local/bin:/usr/sbin:/usr/bin:/sbin:/bin:/usr/games:/usr/local/games:/snap/bin:/snap/bin:/opt/maven/bin:/usr/share/rvm/bin:/usr/local/go/bin
# default
MAKEFILES := 
# environment
LANGUAGE = en_NG:en
# automatic
^F = $(notdir $^)
# environment
SNAP_USER_COMMON = /home/samson/snap/code/common
# environment
SNAP = /snap/code/97
# environment
INVOCATION_ID = 6a5f17f9a67a439a935402d740c11d38
# environment
SNAP_REVISION = 97
# environment
SNAP_REAL_HOME = /home/samson
# environment
VSCODE_LOG_NATIVE = false
# environment
USERNAME = samson
# automatic
?F = $(notdir $?)
# environment
XDG_CURRENT_DESKTOP = Unity
# environment
LS_COLORS = 
# automatic
+F = $(notdir $+)
# environment
LESS = -R
# environment
DESKTOP_SESSION = ubuntu-xorg
# environment
ORIGINAL_XDG_CURRENT_DESKTOP = ubuntu:GNOME
# environment
MAVEN_HOME = /opt/maven
# 'override' directive
GNUMAKEFLAGS := 
# environment
rvmsudo_secure_path = 1
# environment
LOGNAME = samson
# environment
GIO_LAUNCHED_DESKTOP_FILE = /var/lib/snapd/desktop/applications/code_code.desktop
# environment
SNAP_ARCH = amd64
# makefile
.DEFAULT_GOAL := postgres
# environment
SYSTEMD_EXEC_PID = 2497
# environment
rvm_version = 1.29.12 (latest)
# environment
DISPLAY = :0
# environment
USER = samson
# environment
GTK_MODULES = gail:atk-bridge
# default
MAKE_VERSION := 4.3
# environment
DISABLE_WAYLAND = 1
# environment
SNAP_DATA = /var/snap/code/97
# environment
SNAP_CONTEXT = 5Mdm_0i1PgJpl4Yjz7rjPXyAzIcFo9mhvUK8gtdGl3BqPw4xbCGI
# environment
MANAGERPID = 2045
# environment
GIO_LAUNCHED_DESKTOP_FILE_PID = 3882
# environment
 
make: *** No rule to make target 'all'.  Stop.

PAGER = less
# environment
_ = /snap/code/97/usr/share/code/code
# environment
XDG_RUNTIME_DIR = /run/user/1000
# environment
GPG_AGENT_INFO = /run/user/1000/gnupg/S.gpg-agent:0:1
# environment
GDK_PIXBUF_MODULE_FILE = /home/samson/snap/code/common/.cache/gdk-pixbuf-loaders.cache
# environment
NVM_CD_FLAGS = -q
# environment
JOURNAL_STREAM = 8:37294
# environment
GOMODCACHE = /home/samson/go/pkg/mod
# environment
XDG_SESSION_CLASS = user
# environment
VSCODE_AMD_ENTRYPOINT = vs/workbench/api/node/extensionHostProcess
# environment
HOME = /home/samson
# environment
QT_IM_MODULE = ibus
# environment
ELECTRON_RUN_AS_NODE = 1
# environment
VSCODE_IPC_HOOK = /run/user/1000/vscode-b42da6f3-1.67.2-main.sock
# environment
SNAP_NAME = code
# environment
GSETTINGS_SCHEMA_DIR = /snap/code/97/usr/share/glib-2.0/schemas
# environment
GOPROXY = https://proxy.golang.org,direct
# default
.RECIPEPREFIX := 
# automatic
<F = $(notdir $<)
# environment
SNAP_VERSION = c3511e6c
# default
SUFFIXES := 
# environment
RBENV_SHELL = zsh
# environment
VSCODE_CLI = 1
# environment
ELECTRON_NO_ATTACH_CONSOLE = 1
# environment
SNAP_COMMON = /var/snap/code/common
# default
.FEATURES := target-specific order-only second-expansion else-if shortest-stem undefine oneshell nocomment grouped-target extra-prereqs archives jobserver output-sync check-symlink load
# environment
rvm_prefix = /usr/share
# environment
SNAP_USER_DATA = /home/samson/snap/code/97
# environment
XDG_MENU_PREFIX = gnome-
# environment
GDMSESSION = ubuntu-xorg
# environment
SNAP_LIBRARY_PATH = /var/lib/snapd/lib/gl:/var/lib/snapd/lib/gl32:/var/lib/snapd/void
# variable set hash-table stats:
# Load=138/1024=13%, Rehash=0, Collisions=7/168=4%

# Pattern-specific Variable Values

# No pattern-specific variable values.

# Directories

# . (device 2050, inode 40895721): 9 files, no impossibilities.

# 9 files, no impossibilities in 1 directories.

# Implicit Rules

# No implicit rules.

# Files

migratedown:
#  Phony target (prerequisite of .PHONY).
#  Implicit rule search has not been done.
#  File does not exist.
#  File has not been updated.
#  recipe to execute (from 'Makefile', line 14):
	migrate -path db/migration -database "postgresql://postgres12:secret@localhost:5342/simple_bank?sslmode=disable" -verbose down

# Not a target:
Makefile:
#  Implicit rule search has been done.
#  Last modified 2022-05-24 06:48:11.146573197
#  File has been updated.
#  Successfully updated.

dropdb:
#  Phony target (prerequisite of .PHONY).
#  Implicit rule search has not been done.
#  File does not exist.
#  File has not been updated.
#  recipe to execute (from 'Makefile', line 8):
	docker exec -it postgres13 dropdb --username=postgres12 simple_bank

migrateup:
#  Phony target (prerequisite of .PHONY).
#  Implicit rule search has not been done.
#  File does not exist.
#  File has not been updated.
#  recipe to execute (from 'Makefile', line 11):
	migrate -path db/migration -database "postgresql://postgres12:secret@localhost:5342/simple_bank?sslmode=disable" -verbose up

# Not a target:
.DEFAULT:
#  Implicit rule search has not been done.
#  Modification time never checked.
#  File has not been updated.

# Not a target:
all:
#  Command line target.
#  Implicit rule search has been done.
#  File does not exist.
#  File has not been updated.

test:
#  Phony target (prerequisite of .PHONY).
#  Implicit rule search has not been done.
#  File does not exist.
#  File has not been updated.
#  recipe to execute (from 'Makefile', line 20):
	go test -v -cover ./...

sqlc:
#  Phony target (prerequisite of .PHONY).
#  Implicit rule search has not been done.
#  File does not exist.
#  File has not been updated.
#  recipe to execute (from 'Makefile', line 17):
	sqlc generate

postgres:
#  Phony target (prerequisite of .PHONY).
#  Implicit rule search has not been done.
#  File does not exist.
#  File has not been updated.
#  recipe to execute (from 'Makefile', line 2):
	docker run --name postgres13 -p 5342:5432 -e POSTGRES_USER=postgres12 -e POSTGRES_PASSWORD=secret -d postgres:14.3-alpine

createdb:
#  Phony target (prerequisite of .PHONY).
#  Implicit rule search has not been done.
#  File does not exist.
#  File has not been updated.
#  recipe to execute (from 'Makefile', line 5):
	docker exec -it postgres13 createdb --username=postgres12 --owner=postgres12 simple_bank
	
 

.PHONY: postgres createdb dropdb migrateup migratedown sqlc test
#  Implicit rule search has not been done.
#  Modification time never checked.
#  File has not been updated.

# files hash-table stats:
# Load=12/1024=1%, Rehash=0, Collisions=0/29=0%
# VPATH Search Paths

# No 'vpath' search paths.

# No general ('VPATH' variable) search path.

# strcache buffers: 1 (0) / strings = 22 / storage = 173 B / avg = 7 B
# current buf: size = 8162 B / used = 173 B / count = 22 / avg = 7 B

# strcache performance: lookups = 41 / hit rate = 46%
# hash-table stats:
# Load=22/8192=0%, Rehash=0, Collisions=0/41=0%
# Finished Make data base on Sun May 29 16:10:54 2022

 
